<?xml version="1.0" encoding="UTF-8"?>
<!-- Generated by org.testng.reporters.JUnitXMLReporter -->
<testsuite ignored="4" hostname="DESKTOP-3LKHQ4R" failures="1" tests="5" name="Test" time="114.619" errors="0" timestamp="2025-04-11T19:28:13 IST">
  <testcase classname="TESTNG.AddingOrganizationToContactsTest" name="addingOrganizationToContactsTest" time="21.134">
    <skipped/>
  </testcase> <!-- addingOrganizationToContactsTest -->
  <testcase classname="TESTNG.AddingOrganizationToContactsTest" name="addingOrganizationToContactsTest" time="16.191">
    <skipped/>
  </testcase> <!-- addingOrganizationToContactsTest -->
  <testcase classname="TESTNG.AddingOrganizationToContactsTest" name="addingOrganizationToContactsTest" time="13.136">
    <skipped/>
  </testcase> <!-- addingOrganizationToContactsTest -->
  <testcase classname="TESTNG.AddingOrganizationToContactsTest" name="addingOrganizationToContactsTest" time="20.414">
    <failure type="java.lang.AssertionError" message="The following asserts failed:
	Asssertion failed ....Orgnization name actual and expected values are different expected [wipro] but found [ wipro]">
      <![CDATA[java.lang.AssertionError: The following asserts failed:
Asssertion failed ....Orgnization name actual and expected values are different expected [wipro] but found [ wipro]
at Object_Repository.CreateContactValidationPOM.hardSoftAssertvalidateContactLastNameWithOrgName(CreateContactValidationPOM.java:109)
at TESTNG.AddingOrganizationToContactsTest.addingOrganizationToContactsTest(AddingOrganizationToContactsTest.java:61)
at java.base/java.util.ArrayList.forEach(ArrayList.java:1511)
... Removed 29 stack frames]]>
    </failure>
  </testcase> <!-- addingOrganizationToContactsTest -->
  <testcase classname="TESTNG.CreateCampaignsTest" name="createCampaignsTest" time="18.899"/>
  <testcase classname="GenericUtility.TestNgBaseClass" name="@BeforeTest beforeTest" time="0.0">
    <ignored/>
  </testcase> <!-- @BeforeTest beforeTest -->
  <testcase classname="GenericUtility.TestNgBaseClass" name="@AfterTest afterTest" time="0.0">
    <ignored/>
  </testcase> <!-- @AfterTest afterTest -->
  <testcase classname="GenericUtility.TestNgBaseClass" name="@BeforeSuite beforeSuite" time="0.0">
    <ignored/>
  </testcase> <!-- @BeforeSuite beforeSuite -->
  <testcase classname="GenericUtility.TestNgBaseClass" name="@AfterSuite afterSuite" time="0.0">
    <ignored/>
  </testcase> <!-- @AfterSuite afterSuite -->
</testsuite> <!-- Test -->
